<?xml version="1.0" encoding="UTF-8"?>
<!-- Generated by org.testng.reporters.JUnitXMLReporter -->
<testsuite hostname="Veera" ignored="0" name="Test" tests="1" failures="1" timestamp="08 Apr 2021 05:25:28 GMT" time="0.186" errors="0">
  <testcase name="getEmployeesFromDataBase" time="0.024" classname="org.jdbc.Jdbc">
    <failure type="java.lang.NullPointerException">
      <![CDATA[java.lang.NullPointerException
at org.jdbc.Jdbc.getEmployeesFromDataBase(Jdbc.java:40)
... Removed 25 stack frames]]>
    </failure>
  </testcase> <!-- getEmployeesFromDataBase -->
</testsuite> <!-- Test -->
