<?xml version="1.0" encoding="UTF-8"?>
<testng-results skipped="0" failed="0" ignored="0" total="1" passed="1">
  <reporter-output>
  </reporter-output>
  <suite name="Default suite" duration-ms="2021" started-at="2021-04-08T05:31:08Z" finished-at="2021-04-08T05:31:10Z">
    <groups>
    </groups>
    <test name="Default test" duration-ms="2021" started-at="2021-04-08T05:31:08Z" finished-at="2021-04-08T05:31:10Z">
      <class name="org.jdbc.Jdbc">
        <test-method status="PASS" signature="setUp()[pri:0, instance:org.jdbc.Jdbc@1e802ef9]" name="setUp" is-config="true" duration-ms="1468" started-at="2021-04-08T05:31:08Z" finished-at="2021-04-08T05:31:09Z">
          <reporter-output>
          </reporter-output>
        </test-method> <!-- setUp -->
        <test-method status="PASS" signature="getEmployeesFromDataBase()[pri:0, instance:org.jdbc.Jdbc@1e802ef9]" name="getEmployeesFromDataBase" duration-ms="457" started-at="2021-04-08T05:31:09Z" finished-at="2021-04-08T05:31:10Z">
          <reporter-output>
          </reporter-output>
        </test-method> <!-- getEmployeesFromDataBase -->
        <test-method status="PASS" signature="tearDown()[pri:0, instance:org.jdbc.Jdbc@1e802ef9]" name="tearDown" is-config="true" duration-ms="3" started-at="2021-04-08T05:31:10Z" finished-at="2021-04-08T05:31:10Z">
          <reporter-output>
          </reporter-output>
        </test-method> <!-- tearDown -->
      </class> <!-- org.jdbc.Jdbc -->
    </test> <!-- Default test -->
  </suite> <!-- Default suite -->
</testng-results>
